[1201/084208.050:ERROR:file_io_win.cc(179)] CreateFile C:\Program Files\Junemike\Reports\Dump\settings.dat: Acceso denegado. (0x5)
[1201/084208.053:ERROR:registration_protocol_win.cc(84)] TransactNamedPipe: Ha terminado la canalización. (0x6D)
[1201/084208.055:ERROR:file_io_win.cc(179)] CreateFile C:\Program Files\Junemike\Reports\Dump\settings.dat: Acceso denegado. (0x5)
[1201/084213.676:ERROR:file_io_win.cc(179)] CreateFile C:\Program Files\Junemike\Reports\Dump\settings.dat: Acceso denegado. (0x5)
[1201/084213.677:ERROR:registration_protocol_win.cc(84)] TransactNamedPipe: Ha terminado la canalización. (0x6D)
[1201/084213.679:ERROR:file_io_win.cc(179)] CreateFile C:\Program Files\Junemike\Reports\Dump\settings.dat: Acceso denegado. (0x5)
<<<<<<< HEAD
[1202/012758.423:ERROR:file_io_win.cc(179)] CreateFile C:\Program Files\Junemike\Reports\Dump\settings.dat: Acceso denegado. (0x5)
[1202/012758.423:ERROR:registration_protocol_win.cc(84)] TransactNamedPipe: Ha terminado la canalización. (0x6D)
[1202/012758.423:ERROR:file_io_win.cc(179)] CreateFile C:\Program Files\Junemike\Reports\Dump\settings.dat: Acceso denegado. (0x5)
=======
[1201/145622.527:ERROR:file_io_win.cc(179)] CreateFile C:\Program Files\Junemike\Reports\Dump\settings.dat: Acceso denegado. (0x5)
[1201/145622.529:ERROR:registration_protocol_win.cc(84)] TransactNamedPipe: Ha terminado la canalización. (0x6D)
[1201/145622.530:ERROR:file_io_win.cc(179)] CreateFile C:\Program Files\Junemike\Reports\Dump\settings.dat: Acceso denegado. (0x5)
[1201/145639.307:ERROR:file_io_win.cc(179)] CreateFile C:\Program Files\Junemike\Reports\Dump\settings.dat: Acceso denegado. (0x5)
[1201/145639.309:ERROR:registration_protocol_win.cc(84)] TransactNamedPipe: Ha terminado la canalización. (0x6D)
[1201/145639.310:ERROR:file_io_win.cc(179)] CreateFile C:\Program Files\Junemike\Reports\Dump\settings.dat: Acceso denegado. (0x5)
[1201/222108.715:ERROR:file_io_win.cc(179)] CreateFile C:\Program Files\Junemike\Reports\Dump\settings.dat: Acceso denegado. (0x5)
[1201/222108.718:ERROR:registration_protocol_win.cc(84)] TransactNamedPipe: Ha terminado la canalización. (0x6D)
[1201/222108.721:ERROR:file_io_win.cc(179)] CreateFile C:\Program Files\Junemike\Reports\Dump\settings.dat: Acceso denegado. (0x5)
[1201/222248.672:ERROR:file_io_win.cc(179)] CreateFile C:\Program Files\Junemike\Reports\Dump\settings.dat: Acceso denegado. (0x5)
[1201/222248.673:ERROR:registration_protocol_win.cc(84)] TransactNamedPipe: Ha terminado la canalización. (0x6D)
[1201/222248.674:ERROR:file_io_win.cc(179)] CreateFile C:\Program Files\Junemike\Reports\Dump\settings.dat: Acceso denegado. (0x5)
[1201/223042.297:ERROR:file_io_win.cc(179)] CreateFile C:\Program Files\Junemike\Reports\Dump\settings.dat: Acceso denegado. (0x5)
[1201/223042.299:ERROR:registration_protocol_win.cc(84)] TransactNamedPipe: Ha terminado la canalización. (0x6D)
[1201/223042.300:ERROR:file_io_win.cc(179)] CreateFile C:\Program Files\Junemike\Reports\Dump\settings.dat: Acceso denegado. (0x5)
[1201/232122.362:ERROR:file_io_win.cc(179)] CreateFile C:\Program Files\Junemike\Reports\Dump\settings.dat: Acceso denegado. (0x5)
[1201/232122.363:ERROR:registration_protocol_win.cc(84)] TransactNamedPipe: Ha terminado la canalización. (0x6D)
[1201/232122.365:ERROR:file_io_win.cc(179)] CreateFile C:\Program Files\Junemike\Reports\Dump\settings.dat: Acceso denegado. (0x5)
[1201/234126.940:ERROR:file_io_win.cc(179)] CreateFile C:\Program Files\Junemike\Reports\Dump\settings.dat: Acceso denegado. (0x5)
[1201/234126.941:ERROR:registration_protocol_win.cc(84)] TransactNamedPipe: Ha terminado la canalización. (0x6D)
[1201/234126.942:ERROR:file_io_win.cc(179)] CreateFile C:\Program Files\Junemike\Reports\Dump\settings.dat: Acceso denegado. (0x5)
[1201/235511.717:ERROR:file_io_win.cc(179)] CreateFile C:\Program Files\Junemike\Reports\Dump\settings.dat: Acceso denegado. (0x5)
[1201/235511.719:ERROR:registration_protocol_win.cc(84)] TransactNamedPipe: Ha terminado la canalización. (0x6D)
[1201/235511.721:ERROR:file_io_win.cc(179)] CreateFile C:\Program Files\Junemike\Reports\Dump\settings.dat: Acceso denegado. (0x5)
[1202/002238.102:ERROR:file_io_win.cc(179)] CreateFile C:\Program Files\Junemike\Reports\Dump\settings.dat: Acceso denegado. (0x5)
[1202/002238.104:ERROR:registration_protocol_win.cc(84)] TransactNamedPipe: Ha terminado la canalización. (0x6D)
[1202/002238.107:ERROR:file_io_win.cc(179)] CreateFile C:\Program Files\Junemike\Reports\Dump\settings.dat: Acceso denegado. (0x5)
[1202/003917.214:ERROR:file_io_win.cc(179)] CreateFile C:\Program Files\Junemike\Reports\Dump\settings.dat: Acceso denegado. (0x5)
[1202/003917.215:ERROR:registration_protocol_win.cc(84)] TransactNamedPipe: Ha terminado la canalización. (0x6D)
[1202/003917.217:ERROR:file_io_win.cc(179)] CreateFile C:\Program Files\Junemike\Reports\Dump\settings.dat: Acceso denegado. (0x5)
[1202/004857.322:ERROR:file_io_win.cc(179)] CreateFile C:\Program Files\Junemike\Reports\Dump\settings.dat: Acceso denegado. (0x5)
[1202/004857.324:ERROR:registration_protocol_win.cc(84)] TransactNamedPipe: Ha terminado la canalización. (0x6D)
[1202/004857.325:ERROR:file_io_win.cc(179)] CreateFile C:\Program Files\Junemike\Reports\Dump\settings.dat: Acceso denegado. (0x5)
[1202/005008.558:ERROR:file_io_win.cc(179)] CreateFile C:\Program Files\Junemike\Reports\Dump\settings.dat: Acceso denegado. (0x5)
[1202/005008.559:ERROR:registration_protocol_win.cc(84)] TransactNamedPipe: Ha terminado la canalización. (0x6D)
[1202/005008.560:ERROR:file_io_win.cc(179)] CreateFile C:\Program Files\Junemike\Reports\Dump\settings.dat: Acceso denegado. (0x5)
>>>>>>> master-guada
[1202/071259.391:ERROR:file_io_win.cc(179)] CreateFile C:\Program Files\Junemike\Reports\Dump\settings.dat: Acceso denegado. (0x5)
[1202/071259.392:ERROR:registration_protocol_win.cc(84)] TransactNamedPipe: Ha terminado la canalización. (0x6D)
[1202/071259.393:ERROR:file_io_win.cc(179)] CreateFile C:\Program Files\Junemike\Reports\Dump\settings.dat: Acceso denegado. (0x5)
